<?xml version="1.0" encoding="UTF-8"?>
<testng-results ignored="0" total="1" passed="1" failed="0" skipped="0">
  <reporter-output>
  </reporter-output>
  <suite started-at="2022-10-14T23:25:29 EET" name="Default suite" finished-at="2022-10-14T23:26:46 EET" duration-ms="76543">
    <groups>
    </groups>
    <test started-at="2022-10-14T23:25:29 EET" name="Default test" finished-at="2022-10-14T23:26:46 EET" duration-ms="76543">
      <class name="SelenuimTask.VoisKsrtcTask.Test">
        <test-method is-config="true" signature="openBrowser()[pri:0, instance:SelenuimTask.VoisKsrtcTask.Test@27ce24aa]" started-at="2022-10-14T23:25:29 EET" name="openBrowser" finished-at="2022-10-14T23:26:16 EET" duration-ms="46590" status="PASS">
          <reporter-output>
          </reporter-output>
        </test-method> <!-- openBrowser -->
        <test-method signature="Search_for_Bus()[pri:0, instance:SelenuimTask.VoisKsrtcTask.Test@27ce24aa]" started-at="2022-10-14T23:26:16 EET" name="Search_for_Bus" finished-at="2022-10-14T23:26:46 EET" duration-ms="29817" status="PASS">
          <reporter-output>
          </reporter-output>
        </test-method> <!-- Search_for_Bus -->
        <test-method is-config="true" signature="closeDriver()[pri:0, instance:SelenuimTask.VoisKsrtcTask.Test@27ce24aa]" started-at="2022-10-14T23:26:46 EET" name="closeDriver" finished-at="2022-10-14T23:26:46 EET" duration-ms="0" status="PASS">
          <reporter-output>
          </reporter-output>
        </test-method> <!-- closeDriver -->
      </class> <!-- SelenuimTask.VoisKsrtcTask.Test -->
    </test> <!-- Default test -->
  </suite> <!-- Default suite -->
</testng-results>
